<?xml version="1.0" encoding="UTF-8"?>
<testsuite name="org.ecollect.api.tests.CreditListTest" tests="1" skipped="0" failures="0" errors="0" timestamp="2020-09-18T07:24:15" hostname="Krasimirs-MacBook-Pro.local" time="6.466">
  <properties/>
  <testcase name="checkCreditList" classname="org.ecollect.api.tests.CreditListTest" time="6.466"/>
  <system-out><![CDATA[]]></system-out>
  <system-err><![CDATA[]]></system-err>
</testsuite>
