<?xml version="1.0" encoding="UTF-8"?>
<testsuite name="org.ecollect.api.tests.InvoiceGetSingleTest" tests="1" skipped="0" failures="0" errors="0" timestamp="2020-09-18T07:22:26" hostname="Krasimirs-MacBook-Pro.local" time="2.965">
  <properties/>
  <testcase name="InvoiceGetSingleTest" classname="org.ecollect.api.tests.InvoiceGetSingleTest" time="2.965"/>
  <system-out><![CDATA[]]></system-out>
  <system-err><![CDATA[]]></system-err>
</testsuite>
