<?xml version="1.0" encoding="UTF-8"?>
<testsuite name="org.ecollect.api.tests.CustomerGetSingleTest" tests="1" skipped="0" failures="0" errors="0" timestamp="2020-09-18T07:22:31" hostname="Krasimirs-MacBook-Pro.local" time="1.081">
  <properties/>
  <testcase name="checkCreatedCustomer" classname="org.ecollect.api.tests.CustomerGetSingleTest" time="1.081"/>
  <system-out><![CDATA[]]></system-out>
  <system-err><![CDATA[]]></system-err>
</testsuite>
