<?xml version="1.0" encoding="UTF-8"?>
<testsuite name="org.ecollect.api.tests.CustomerAddBankAccountTest" tests="1" skipped="0" failures="0" errors="0" timestamp="2020-09-18T07:22:14" hostname="Krasimirs-MacBook-Pro.local" time="2.697">
  <properties/>
  <testcase name="CustomerOrgAddBankAccountTest" classname="org.ecollect.api.tests.CustomerAddBankAccountTest" time="2.697"/>
  <system-out><![CDATA[]]></system-out>
  <system-err><![CDATA[]]></system-err>
</testsuite>
