<?xml version="1.0" encoding="UTF-8"?>
<testsuite name="org.ecollect.api.tests.CustomerAddMetadataTest" tests="1" skipped="0" failures="0" errors="0" timestamp="2020-09-18T07:21:17" hostname="Krasimirs-MacBook-Pro.local" time="1.638">
  <properties/>
  <testcase name="CustomerOrgAddMetadataTest" classname="org.ecollect.api.tests.CustomerAddMetadataTest" time="1.638"/>
  <system-out><![CDATA[]]></system-out>
  <system-err><![CDATA[]]></system-err>
</testsuite>
