<?xml version="1.0" encoding="UTF-8"?>
<testsuite name="org.ecollect.api.tests.AdditionalChargePostTest" tests="1" skipped="0" failures="0" errors="0" timestamp="2020-09-18T07:24:52" hostname="Krasimirs-MacBook-Pro.local" time="1.96">
  <properties/>
  <testcase name="ChargePostTest" classname="org.ecollect.api.tests.AdditionalChargePostTest" time="1.96"/>
  <system-out><![CDATA[]]></system-out>
  <system-err><![CDATA[]]></system-err>
</testsuite>
