<?xml version="1.0" encoding="UTF-8"?>
<testsuite name="org.ecollect.api.tests.AdditionalChargeListTest" tests="1" skipped="0" failures="0" errors="0" timestamp="2020-09-18T07:21:50" hostname="Krasimirs-MacBook-Pro.local" time="4.353">
  <properties/>
  <testcase name="checkAdditionalChargeList" classname="org.ecollect.api.tests.AdditionalChargeListTest" time="4.353"/>
  <system-out><![CDATA[]]></system-out>
  <system-err><![CDATA[]]></system-err>
</testsuite>
