<?xml version="1.0" encoding="UTF-8"?>
<testsuite name="org.ecollect.api.tests.CustomerAddEventTest" tests="1" skipped="0" failures="0" errors="0" timestamp="2020-09-18T07:22:06" hostname="Krasimirs-MacBook-Pro.local" time="2.503">
  <properties/>
  <testcase name="CustomerOrgAddEventTest" classname="org.ecollect.api.tests.CustomerAddEventTest" time="2.503"/>
  <system-out><![CDATA[]]></system-out>
  <system-err><![CDATA[]]></system-err>
</testsuite>
