<?xml version="1.0" encoding="UTF-8"?>
<testsuite name="org.ecollect.api.tests.InvoicePostTest" tests="1" skipped="0" failures="0" errors="0" timestamp="2020-09-18T07:22:17" hostname="Krasimirs-MacBook-Pro.local" time="2.905">
  <properties/>
  <testcase name="InvoicePostTest" classname="org.ecollect.api.tests.InvoicePostTest" time="2.905"/>
  <system-out><![CDATA[]]></system-out>
  <system-err><![CDATA[]]></system-err>
</testsuite>
