<?xml version="1.0" encoding="UTF-8"?>
<testsuite name="org.ecollect.api.tests.PaymentInvoiceListTest" tests="1" skipped="0" failures="0" errors="0" timestamp="2020-09-18T07:20:59" hostname="Krasimirs-MacBook-Pro.local" time="18.194">
  <properties/>
  <testcase name="PaymentListTest" classname="org.ecollect.api.tests.PaymentInvoiceListTest" time="18.194"/>
  <system-out><![CDATA[]]></system-out>
  <system-err><![CDATA[]]></system-err>
</testsuite>
