<?xml version="1.0" encoding="UTF-8"?>
<testsuite name="org.ecollect.api.tests.ClaimGetSingleTest" tests="1" skipped="0" failures="0" errors="0" timestamp="2020-09-18T07:24:45" hostname="Krasimirs-MacBook-Pro.local" time="6.97">
  <properties/>
  <testcase name="ClaimGetSingleTest" classname="org.ecollect.api.tests.ClaimGetSingleTest" time="6.97"/>
  <system-out><![CDATA[]]></system-out>
  <system-err><![CDATA[]]></system-err>
</testsuite>
