<?xml version="1.0" encoding="UTF-8"?>
<testsuite name="org.ecollect.api.tests.CustomerAddContactTest" tests="1" skipped="0" failures="0" errors="0" timestamp="2020-09-18T07:25:22" hostname="Krasimirs-MacBook-Pro.local" time="1.503">
  <properties/>
  <testcase name="CustomerOrgAddContactTestReal" classname="org.ecollect.api.tests.CustomerAddContactTest" time="1.503"/>
  <system-out><![CDATA[]]></system-out>
  <system-err><![CDATA[]]></system-err>
</testsuite>
