<?xml version="1.0" encoding="UTF-8"?>
<testsuite name="org.ecollect.api.tests.PaymentInvoiceGetSingleTest" tests="1" skipped="0" failures="0" errors="0" timestamp="2020-09-18T07:25:24" hostname="Krasimirs-MacBook-Pro.local" time="18.227">
  <properties/>
  <testcase name="PaymentInvoiceGetSingleTest" classname="org.ecollect.api.tests.PaymentInvoiceGetSingleTest" time="18.227"/>
  <system-out><![CDATA[]]></system-out>
  <system-err><![CDATA[]]></system-err>
</testsuite>
