<?xml version="1.0" encoding="UTF-8"?>
<testsuite name="org.ecollect.api.tests.CustomerOrgPostTest" tests="1" skipped="0" failures="0" errors="0" timestamp="2020-09-18T07:26:32" hostname="Krasimirs-MacBook-Pro.local" time="0.859">
  <properties/>
  <testcase name="CustomerOrgPostTest" classname="org.ecollect.api.tests.CustomerOrgPostTest" time="0.859"/>
  <system-out><![CDATA[]]></system-out>
  <system-err><![CDATA[]]></system-err>
</testsuite>
