<?xml version="1.0" encoding="UTF-8"?>
<testsuite name="org.ecollect.api.tests.CreditGetSingleTest" tests="1" skipped="0" failures="0" errors="0" timestamp="2020-09-18T07:22:05" hostname="Krasimirs-MacBook-Pro.local" time="1.15">
  <properties/>
  <testcase name="CreditGetSingleTest" classname="org.ecollect.api.tests.CreditGetSingleTest" time="1.15"/>
  <system-out><![CDATA[{"error":{"code":"validation_error","message":"validation failed","data":{"message":"validation failed","general":[{"keyword":"oneOf","params":{"passingSchemas":null},"message":"should match exactly one schema in oneOf"}],"fields":{"invoice":[{"keyword":"required","params":{"missingProperty":"invoice"},"message":"is a required property"}],"customer":[{"keyword":"required","params":{"missingProperty":"customer"},"message":"is a required property"},{"keyword":"required","params":{"missingProperty":"customer"},"message":"is a required property"},{"keyword":"required","params":{"missingProperty":"customer"},"message":"is a required property"}],"charge":[{"keyword":"required","params":{"missingProperty":"charge"},"message":"is a required property"}],"claim":[{"keyword":"required","params":{"missingProperty":"claim"},"message":"is a required property"}]}},"stack":"ValidationError: validation failed\n    at new OblakError (/Users/krasimir.koeff/Projects/eCollect/ecollect-v2-core/node_modules/oblak/lib/tools/errors/OblakError.js:15:9)\n    at new ValidationError (/Users/krasimir.koeff/Projects/eCollect/ecollect-v2-core/node_modules/oblak/lib/tools/errors/ValidationError.js:36:3)\n    at Function.formAjvError (/Users/krasimir.koeff/Projects/eCollect/ecollect-v2-core/node_modules/oblak/lib/tools/errors/ValidationError.js:74:27)\n    at Function.fromEvent (/Users/krasimir.koeff/Projects/eCollect/ecollect-v2-core/node_modules/oblak/lib/tools/errors/CommandRejectedError.js:19:27)\n    at Function.fromEvent (/Users/krasimir.koeff/Projects/eCollect/ecollect-v2-core/node_modules/oblak/lib/tools/errors/index.js:9:43)\n    at CommandRunner._handleEvent (/Users/krasimir.koeff/Projects/eCollect/ecollect-v2-core/node_modules/oblak/lib/plugins/shared/WireApi/CommandRunner.js:162:27)\n    at EventSubscribtionStream.<anonymous> (/Users/krasimir.koeff/Projects/eCollect/ecollect-v2-core/node_modules/oblak/lib/plugins/shared/WireApi/CommandRunner.js:130:31)\n    at EventSubscribtionStream.emit (events.js:210:5)\n    at addChunk (_stream_readable.js:309:12)\n    at readableAddChunk (_stream_readable.js:290:11)\n    at EventSubscribtionStream.Readable.push (_stream_readable.js:224:10)\n    at EventSubscribtionStream.Transform.push (_stream_transform.js:150:32)\n    at EventSubscribtionStream.afterTransform (_stream_transform.js:94:10)\n    at EventSubscribtionStream._transform (/Users/krasimir.koeff/Projects/eCollect/ecollect-v2-core/node_modules/oblak/lib/plugins/shared/streams/EventsSubscribtionStream.js:20:3)\n    at EventSubscribtionStream.Transform._read (_stream_transform.js:189:10)\n    at EventSubscribtionStream.Transform._write (_stream_transform.js:177:12)\n    at doWrite (_stream_writable.js:431:12)\n    at writeOrBuffer (_stream_writable.js:415:5)\n    at EventSubscribtionStream.Writable.write (_stream_writable.js:305:11)\n    at KellnerPassThrough.onData (/Users/krasimir.koeff/Projects/eCollect/ecollect-v2-core/node_modules/oblak/lib/plugins/shared/OblakWire.js:101:30)\n    at KellnerPassThrough.emit (events.js:215:7)\n    at addChunk (_stream_readable.js:309:12)"}}
]]></system-out>
  <system-err><![CDATA[]]></system-err>
</testsuite>
